{"/Users/novak/Documents/ArmoniaSoft/Dev/crmapi/src/api/customerHandlers/createCustomer.ts": {"path":"/Users/novak/Documents/ArmoniaSoft/Dev/crmapi/src/api/customerHandlers/createCustomer.ts","statementMap":{"0":{"start":{"line":1,"column":0},"end":{"line":1,"column":50}},"1":{"start":{"line":7,"column":0},"end":{"line":7,"column":37}},"2":{"start":{"line":22,"column":13},"end":{"line":63,"column":2}},"3":{"start":{"line":25,"column":30},"end":{"line":25,"column":35}},"4":{"start":{"line":26,"column":40},"end":{"line":29,"column":4}},"5":{"start":{"line":30,"column":2},"end":{"line":32,"column":null}},"6":{"start":{"line":31,"column":4},"end":{"line":31,"column":18}},"7":{"start":{"line":33,"column":2},"end":{"line":62,"column":null}},"8":{"start":{"line":34,"column":21},"end":{"line":34,"column":35}},"9":{"start":{"line":35,"column":4},"end":{"line":35,"column":51}},"10":{"start":{"line":36,"column":4},"end":{"line":52,"column":null}},"11":{"start":{"line":37,"column":6},"end":{"line":41,"column":null}},"12":{"start":{"line":38,"column":8},"end":{"line":38,"column":32}},"13":{"start":{"line":39,"column":8},"end":{"line":39,"column":87}},"14":{"start":{"line":40,"column":8},"end":{"line":40,"column":22}},"15":{"start":{"line":43,"column":25},"end":{"line":43,"column":56}},"16":{"start":{"line":44,"column":6},"end":{"line":51,"column":null}},"17":{"start":{"line":45,"column":39},"end":{"line":45,"column":113}},"18":{"start":{"line":46,"column":8},"end":{"line":46,"column":51}},"19":{"start":{"line":47,"column":8},"end":{"line":47,"column":32}},"20":{"start":{"line":48,"column":8},"end":{"line":48,"column":22}},"21":{"start":{"line":50,"column":8},"end":{"line":50,"column":44}},"22":{"start":{"line":53,"column":4},"end":{"line":53,"column":18}},"23":{"start":{"line":55,"column":4},"end":{"line":55,"column":28}},"24":{"start":{"line":56,"column":4},"end":{"line":56,"column":38}},"25":{"start":{"line":57,"column":4},"end":{"line":60,"column":7}},"26":{"start":{"line":61,"column":4},"end":{"line":61,"column":18}}},"fnMap":{"0":{"name":"(anonymous_0)","decl":{"start":{"line":22,"column":94},"end":{"line":22,"column":99}},"loc":{"start":{"line":23,"column":69},"end":{"line":63,"column":1}}}},"branchMap":{"0":{"loc":{"start":{"line":30,"column":2},"end":{"line":32,"column":null}},"type":"if","locations":[{"start":{"line":30,"column":2},"end":{"line":32,"column":null}},{"start":{"line":30,"column":2},"end":{"line":32,"column":null}}]},"1":{"loc":{"start":{"line":36,"column":4},"end":{"line":52,"column":null}},"type":"if","locations":[{"start":{"line":36,"column":4},"end":{"line":52,"column":null}},{"start":{"line":36,"column":4},"end":{"line":52,"column":null}}]},"2":{"loc":{"start":{"line":37,"column":6},"end":{"line":41,"column":null}},"type":"if","locations":[{"start":{"line":37,"column":6},"end":{"line":41,"column":null}},{"start":{"line":37,"column":6},"end":{"line":41,"column":null}}]},"3":{"loc":{"start":{"line":37,"column":10},"end":{"line":37,"column":29}},"type":"binary-expr","locations":[{"start":{"line":37,"column":10},"end":{"line":37,"column":29}},{"start":{"line":37,"column":33},"end":{"line":37,"column":49}}]},"4":{"loc":{"start":{"line":44,"column":6},"end":{"line":51,"column":null}},"type":"if","locations":[{"start":{"line":44,"column":6},"end":{"line":51,"column":null}},{"start":{"line":44,"column":6},"end":{"line":51,"column":null}}]}},"s":{"0":1,"1":1,"2":1,"3":2,"4":2,"5":2,"6":0,"7":2,"8":2,"9":2,"10":2,"11":2,"12":0,"13":0,"14":0,"15":2,"16":2,"17":1,"18":1,"19":1,"20":1,"21":1,"22":1,"23":0,"24":0,"25":0,"26":0},"f":{"0":2},"b":{"0":[0,2],"1":[2,0],"2":[0,2],"3":[2,2],"4":[1,1]}}
,"/Users/novak/Documents/ArmoniaSoft/Dev/crmapi/src/classes/Customer.ts": {"path":"/Users/novak/Documents/ArmoniaSoft/Dev/crmapi/src/classes/Customer.ts","statementMap":{"0":{"start":{"line":7,"column":0},"end":{"line":7,"column":null}},"1":{"start":{"line":19,"column":0},"end":{"line":19,"column":null}},"2":{"start":{"line":25,"column":0},"end":{"line":25,"column":null}},"3":{"start":{"line":30,"column":0},"end":{"line":30,"column":55}},"4":{"start":{"line":31,"column":0},"end":{"line":31,"column":29}},"5":{"start":{"line":33,"column":0},"end":{"line":33,"column":53}},"6":{"start":{"line":34,"column":0},"end":{"line":34,"column":26}},"7":{"start":{"line":37,"column":21},"end":{"line":327,"column":null}},"8":{"start":{"line":118,"column":4},"end":{"line":123,"column":null}},"9":{"start":{"line":119,"column":6},"end":{"line":119,"column":29}},"10":{"start":{"line":120,"column":6},"end":{"line":120,"column":47}},"11":{"start":{"line":121,"column":6},"end":{"line":121,"column":48}},"12":{"start":{"line":122,"column":6},"end":{"line":122,"column":35}},"13":{"start":{"line":124,"column":4},"end":{"line":124,"column":46}},"14":{"start":{"line":125,"column":4},"end":{"line":125,"column":33}},"15":{"start":{"line":126,"column":19},"end":{"line":126,"column":34}},"16":{"start":{"line":127,"column":19},"end":{"line":127,"column":61}},"17":{"start":{"line":128,"column":4},"end":{"line":128,"column":18}},"18":{"start":{"line":140,"column":21},"end":{"line":140,"column":46}},"19":{"start":{"line":141,"column":4},"end":{"line":145,"column":null}},"20":{"start":{"line":142,"column":6},"end":{"line":144,"column":36}},"21":{"start":{"line":146,"column":21},"end":{"line":147,"column":null}},"22":{"start":{"line":149,"column":4},"end":{"line":153,"column":null}},"23":{"start":{"line":150,"column":6},"end":{"line":152,"column":34}},"24":{"start":{"line":154,"column":13},"end":{"line":154,"column":21}},"25":{"start":{"line":156,"column":4},"end":{"line":160,"column":null}},"26":{"start":{"line":157,"column":6},"end":{"line":159,"column":19}},"27":{"start":{"line":161,"column":17},"end":{"line":161,"column":49}},"28":{"start":{"line":162,"column":29},"end":{"line":162,"column":76}},"29":{"start":{"line":163,"column":20},"end":{"line":171,"column":16}},"30":{"start":{"line":172,"column":4},"end":{"line":180,"column":null}},"31":{"start":{"line":177,"column":6},"end":{"line":179,"column":8}},"32":{"start":{"line":183,"column":4},"end":{"line":183,"column":46}},"33":{"start":{"line":184,"column":4},"end":{"line":184,"column":33}},"34":{"start":{"line":185,"column":4},"end":{"line":185,"column":29}},"35":{"start":{"line":186,"column":4},"end":{"line":186,"column":34}},"36":{"start":{"line":188,"column":19},"end":{"line":188,"column":34}},"37":{"start":{"line":189,"column":29},"end":{"line":189,"column":71}},"38":{"start":{"line":190,"column":4},"end":{"line":190,"column":18}},"39":{"start":{"line":197,"column":13},"end":{"line":197,"column":21}},"40":{"start":{"line":198,"column":4},"end":{"line":200,"column":null}},"41":{"start":{"line":199,"column":6},"end":{"line":199,"column":44}},"42":{"start":{"line":203,"column":21},"end":{"line":205,"column":16}},"43":{"start":{"line":206,"column":4},"end":{"line":215,"column":null}},"44":{"start":{"line":211,"column":6},"end":{"line":214,"column":8}},"45":{"start":{"line":216,"column":4},"end":{"line":216,"column":67}},"46":{"start":{"line":225,"column":4},"end":{"line":227,"column":null}},"47":{"start":{"line":226,"column":6},"end":{"line":226,"column":18}},"48":{"start":{"line":228,"column":20},"end":{"line":228,"column":40}},"49":{"start":{"line":229,"column":31},"end":{"line":232,"column":6}},"50":{"start":{"line":233,"column":19},"end":{"line":233,"column":34}},"51":{"start":{"line":234,"column":19},"end":{"line":234,"column":55}},"52":{"start":{"line":235,"column":4},"end":{"line":235,"column":18}},"53":{"start":{"line":244,"column":4},"end":{"line":246,"column":null}},"54":{"start":{"line":245,"column":6},"end":{"line":245,"column":47}},"55":{"start":{"line":249,"column":13},"end":{"line":249,"column":21}},"56":{"start":{"line":250,"column":4},"end":{"line":254,"column":null}},"57":{"start":{"line":251,"column":6},"end":{"line":253,"column":19}},"58":{"start":{"line":256,"column":19},"end":{"line":256,"column":34}},"59":{"start":{"line":257,"column":19},"end":{"line":257,"column":54}},"60":{"start":{"line":258,"column":4},"end":{"line":258,"column":18}},"61":{"start":{"line":267,"column":4},"end":{"line":269,"column":null}},"62":{"start":{"line":268,"column":6},"end":{"line":268,"column":18}},"63":{"start":{"line":270,"column":20},"end":{"line":270,"column":40}},"64":{"start":{"line":271,"column":31},"end":{"line":274,"column":6}},"65":{"start":{"line":276,"column":19},"end":{"line":276,"column":34}},"66":{"start":{"line":277,"column":19},"end":{"line":277,"column":58}},"67":{"start":{"line":278,"column":4},"end":{"line":278,"column":18}},"68":{"start":{"line":287,"column":33},"end":{"line":293,"column":6}},"69":{"start":{"line":294,"column":32},"end":{"line":294,"column":34}},"70":{"start":{"line":295,"column":19},"end":{"line":295,"column":34}},"71":{"start":{"line":296,"column":18},"end":{"line":296,"column":56}},"72":{"start":{"line":297,"column":4},"end":{"line":300,"column":null}},"73":{"start":{"line":297,"column":29},"end":{"line":297,"column":null}},"74":{"start":{"line":297,"column":25},"end":{"line":297,"column":29}},"75":{"start":{"line":298,"column":6},"end":{"line":298,"column":28}},"76":{"start":{"line":299,"column":6},"end":{"line":299,"column":12}},"77":{"start":{"line":301,"column":19},"end":{"line":306,"column":6}},"78":{"start":{"line":307,"column":4},"end":{"line":307,"column":18}},"79":{"start":{"line":316,"column":4},"end":{"line":324,"column":null}},"80":{"start":{"line":317,"column":6},"end":{"line":317,"column":35}},"81":{"start":{"line":319,"column":6},"end":{"line":322,"column":8}},"82":{"start":{"line":323,"column":6},"end":{"line":323,"column":20}},"83":{"start":{"line":325,"column":4},"end":{"line":325,"column":16}},"84":{"start":{"line":41,"column":2},"end":{"line":41,"column":null}},"85":{"start":{"line":44,"column":2},"end":{"line":44,"column":null}},"86":{"start":{"line":43,"column":37},"end":{"line":43,"column":41}},"87":{"start":{"line":50,"column":2},"end":{"line":50,"column":null}},"88":{"start":{"line":56,"column":2},"end":{"line":56,"column":null}},"89":{"start":{"line":64,"column":2},"end":{"line":64,"column":null}},"90":{"start":{"line":71,"column":2},"end":{"line":71,"column":null}},"91":{"start":{"line":77,"column":2},"end":{"line":77,"column":null}},"92":{"start":{"line":82,"column":2},"end":{"line":82,"column":null}},"93":{"start":{"line":88,"column":2},"end":{"line":88,"column":null}},"94":{"start":{"line":93,"column":2},"end":{"line":93,"column":null}},"95":{"start":{"line":99,"column":2},"end":{"line":99,"column":null}},"96":{"start":{"line":104,"column":2},"end":{"line":104,"column":null}},"97":{"start":{"line":109,"column":2},"end":{"line":109,"column":null}},"98":{"start":{"line":37,"column":13},"end":{"line":327,"column":null}},"99":{"start":{"line":37,"column":13},"end":{"line":37,"column":21}}},"fnMap":{"0":{"name":"(anonymous_9)","decl":{"start":{"line":116,"column":2},"end":{"line":116,"column":7}},"loc":{"start":{"line":116,"column":34},"end":{"line":129,"column":3}}},"1":{"name":"(anonymous_10)","decl":{"start":{"line":135,"column":2},"end":{"line":135,"column":7}},"loc":{"start":{"line":138,"column":20},"end":{"line":191,"column":3}}},"2":{"name":"(anonymous_11)","decl":{"start":{"line":196,"column":2},"end":{"line":196,"column":7}},"loc":{"start":{"line":196,"column":16},"end":{"line":217,"column":3}}},"3":{"name":"(anonymous_12)","decl":{"start":{"line":224,"column":2},"end":{"line":224,"column":8}},"loc":{"start":{"line":224,"column":40},"end":{"line":236,"column":3}}},"4":{"name":"(anonymous_13)","decl":{"start":{"line":243,"column":2},"end":{"line":243,"column":7}},"loc":{"start":{"line":243,"column":14},"end":{"line":259,"column":3}}},"5":{"name":"(anonymous_14)","decl":{"start":{"line":266,"column":2},"end":{"line":266,"column":8}},"loc":{"start":{"line":266,"column":43},"end":{"line":279,"column":3}}},"6":{"name":"(anonymous_15)","decl":{"start":{"line":283,"column":2},"end":{"line":283,"column":8}},"loc":{"start":{"line":285,"column":52},"end":{"line":308,"column":3}}},"7":{"name":"(anonymous_16)","decl":{"start":{"line":315,"column":2},"end":{"line":315,"column":7}},"loc":{"start":{"line":315,"column":22},"end":{"line":326,"column":3}}},"8":{"name":"(anonymous_17)","decl":{"start":{"line":43,"column":31},"end":{"line":43,"column":34}},"loc":{"start":{"line":43,"column":37},"end":{"line":43,"column":41}}}},"branchMap":{"0":{"loc":{"start":{"line":118,"column":4},"end":{"line":123,"column":null}},"type":"if","locations":[{"start":{"line":118,"column":4},"end":{"line":123,"column":null}},{"start":{"line":118,"column":4},"end":{"line":123,"column":null}}]},"1":{"loc":{"start":{"line":141,"column":4},"end":{"line":145,"column":null}},"type":"if","locations":[{"start":{"line":141,"column":4},"end":{"line":145,"column":null}},{"start":{"line":141,"column":4},"end":{"line":145,"column":null}}]},"2":{"loc":{"start":{"line":149,"column":4},"end":{"line":153,"column":null}},"type":"if","locations":[{"start":{"line":149,"column":4},"end":{"line":153,"column":null}},{"start":{"line":149,"column":4},"end":{"line":153,"column":null}}]},"3":{"loc":{"start":{"line":149,"column":8},"end":{"line":149,"column":22}},"type":"binary-expr","locations":[{"start":{"line":149,"column":8},"end":{"line":149,"column":22}},{"start":{"line":149,"column":26},"end":{"line":149,"column":51}}]},"4":{"loc":{"start":{"line":156,"column":4},"end":{"line":160,"column":null}},"type":"if","locations":[{"start":{"line":156,"column":4},"end":{"line":160,"column":null}},{"start":{"line":156,"column":4},"end":{"line":160,"column":null}}]},"5":{"loc":{"start":{"line":172,"column":4},"end":{"line":180,"column":null}},"type":"if","locations":[{"start":{"line":172,"column":4},"end":{"line":180,"column":null}},{"start":{"line":172,"column":4},"end":{"line":180,"column":null}}]},"6":{"loc":{"start":{"line":173,"column":6},"end":{"line":173,"column":14}},"type":"binary-expr","locations":[{"start":{"line":173,"column":6},"end":{"line":173,"column":14}},{"start":{"line":174,"column":6},"end":{"line":174,"column":29}},{"start":{"line":175,"column":6},"end":{"line":175,"column":54}}]},"7":{"loc":{"start":{"line":198,"column":4},"end":{"line":200,"column":null}},"type":"if","locations":[{"start":{"line":198,"column":4},"end":{"line":200,"column":null}},{"start":{"line":198,"column":4},"end":{"line":200,"column":null}}]},"8":{"loc":{"start":{"line":206,"column":4},"end":{"line":215,"column":null}},"type":"if","locations":[{"start":{"line":206,"column":4},"end":{"line":215,"column":null}},{"start":{"line":206,"column":4},"end":{"line":215,"column":null}}]},"9":{"loc":{"start":{"line":207,"column":6},"end":{"line":207,"column":15}},"type":"binary-expr","locations":[{"start":{"line":207,"column":6},"end":{"line":207,"column":15}},{"start":{"line":208,"column":6},"end":{"line":208,"column":30}},{"start":{"line":209,"column":6},"end":{"line":209,"column":55}}]},"10":{"loc":{"start":{"line":225,"column":4},"end":{"line":227,"column":null}},"type":"if","locations":[{"start":{"line":225,"column":4},"end":{"line":227,"column":null}},{"start":{"line":225,"column":4},"end":{"line":227,"column":null}}]},"11":{"loc":{"start":{"line":244,"column":4},"end":{"line":246,"column":null}},"type":"if","locations":[{"start":{"line":244,"column":4},"end":{"line":246,"column":null}},{"start":{"line":244,"column":4},"end":{"line":246,"column":null}}]},"12":{"loc":{"start":{"line":250,"column":4},"end":{"line":254,"column":null}},"type":"if","locations":[{"start":{"line":250,"column":4},"end":{"line":254,"column":null}},{"start":{"line":250,"column":4},"end":{"line":254,"column":null}}]},"13":{"loc":{"start":{"line":267,"column":4},"end":{"line":269,"column":null}},"type":"if","locations":[{"start":{"line":267,"column":4},"end":{"line":269,"column":null}},{"start":{"line":267,"column":4},"end":{"line":269,"column":null}}]},"14":{"loc":{"start":{"line":285,"column":20},"end":{"line":285,"column":24}},"type":"default-arg","locations":[{"start":{"line":285,"column":20},"end":{"line":285,"column":24}}]},"15":{"loc":{"start":{"line":290,"column":10},"end":{"line":290,"column":63}},"type":"cond-expr","locations":[{"start":{"line":290,"column":10},"end":{"line":290,"column":63}},{"start":{"line":291,"column":10},"end":{"line":291,"column":14}}]},"16":{"loc":{"start":{"line":302,"column":46},"end":{"line":302,"column":48}},"type":"cond-expr","locations":[{"start":{"line":302,"column":46},"end":{"line":302,"column":48}},{"start":{"line":302,"column":46},"end":{"line":302,"column":58}}]},"17":{"loc":{"start":{"line":302,"column":22},"end":{"line":302,"column":48}},"type":"binary-expr","locations":[{"start":{"line":302,"column":22},"end":{"line":302,"column":48}},{"start":{"line":302,"column":46},"end":{"line":302,"column":48}}]}},"s":{"0":2,"1":2,"2":2,"3":2,"4":2,"5":2,"6":2,"7":2,"8":2,"9":1,"10":1,"11":1,"12":1,"13":2,"14":2,"15":2,"16":2,"17":2,"18":0,"19":0,"20":0,"21":0,"22":0,"23":0,"24":0,"25":0,"26":0,"27":0,"28":0,"29":0,"30":0,"31":0,"32":0,"33":0,"34":0,"35":0,"36":0,"37":0,"38":0,"39":0,"40":0,"41":0,"42":0,"43":0,"44":0,"45":0,"46":0,"47":0,"48":0,"49":0,"50":0,"51":0,"52":0,"53":0,"54":0,"55":0,"56":0,"57":0,"58":0,"59":0,"60":0,"61":0,"62":0,"63":0,"64":0,"65":0,"66":0,"67":0,"68":0,"69":0,"70":0,"71":0,"72":0,"73":0,"74":0,"75":0,"76":0,"77":0,"78":0,"79":3,"80":3,"81":1,"82":1,"83":2,"84":2,"85":2,"86":0,"87":2,"88":2,"89":2,"90":2,"91":2,"92":2,"93":2,"94":2,"95":2,"96":2,"97":2,"98":2,"99":2},"f":{"0":2,"1":0,"2":0,"3":0,"4":0,"5":0,"6":0,"7":3,"8":0},"b":{"0":[1,1],"1":[0,0],"2":[0,0],"3":[0,0],"4":[0,0],"5":[0,0],"6":[0,0,0],"7":[0,0],"8":[0,0],"9":[0,0,0],"10":[0,0],"11":[0,0],"12":[0,0],"13":[0,0],"14":[0],"15":[0,0],"16":[0,0],"17":[0,0]}}
,"/Users/novak/Documents/ArmoniaSoft/Dev/crmapi/src/common/constants.ts": {"path":"/Users/novak/Documents/ArmoniaSoft/Dev/crmapi/src/common/constants.ts","statementMap":{"0":{"start":{"line":1,"column":13},"end":{"line":1,"column":57}},"1":{"start":{"line":2,"column":13},"end":{"line":2,"column":54}},"2":{"start":{"line":3,"column":13},"end":{"line":3,"column":49}},"3":{"start":{"line":4,"column":13},"end":{"line":4,"column":63}},"4":{"start":{"line":5,"column":13},"end":{"line":5,"column":57}},"5":{"start":{"line":6,"column":13},"end":{"line":6,"column":59}},"6":{"start":{"line":7,"column":13},"end":{"line":7,"column":53}},"7":{"start":{"line":8,"column":13},"end":{"line":8,"column":67}},"8":{"start":{"line":9,"column":13},"end":{"line":9,"column":75}},"9":{"start":{"line":10,"column":13},"end":{"line":10,"column":57}},"10":{"start":{"line":11,"column":13},"end":{"line":11,"column":67}}},"fnMap":{},"branchMap":{},"s":{"0":2,"1":2,"2":2,"3":2,"4":2,"5":2,"6":2,"7":2,"8":2,"9":2,"10":2},"f":{},"b":{}}
,"/Users/novak/Documents/ArmoniaSoft/Dev/crmapi/src/common/dbConnection.ts": {"path":"/Users/novak/Documents/ArmoniaSoft/Dev/crmapi/src/common/dbConnection.ts","statementMap":{"0":{"start":{"line":1,"column":0},"end":{"line":1,"column":72}},"1":{"start":{"line":2,"column":0},"end":{"line":2,"column":34}},"2":{"start":{"line":3,"column":0},"end":{"line":3,"column":55}},"3":{"start":{"line":7,"column":4},"end":{"line":14,"column":null}},"4":{"start":{"line":8,"column":8},"end":{"line":11,"column":11}},"5":{"start":{"line":13,"column":8},"end":{"line":13,"column":54}},"6":{"start":{"line":15,"column":6},"end":{"line":15,"column":22}},"7":{"start":{"line":5,"column":0},"end":{"line":5,"column":16}},"8":{"start":{"line":18,"column":27},"end":{"line":18,"column":41}},"9":{"start":{"line":19,"column":2},"end":{"line":19,"column":44}},"10":{"start":{"line":17,"column":0},"end":{"line":17,"column":16}}},"fnMap":{"0":{"name":"getDynamoCli","decl":{"start":{"line":5,"column":16},"end":{"line":5,"column":28}},"loc":{"start":{"line":5,"column":28},"end":{"line":16,"column":1}}},"1":{"name":"getDataMapper","decl":{"start":{"line":17,"column":16},"end":{"line":17,"column":29}},"loc":{"start":{"line":17,"column":29},"end":{"line":20,"column":1}}}},"branchMap":{"0":{"loc":{"start":{"line":7,"column":4},"end":{"line":14,"column":null}},"type":"if","locations":[{"start":{"line":7,"column":4},"end":{"line":14,"column":null}},{"start":{"line":7,"column":4},"end":{"line":14,"column":null}}]}},"s":{"0":2,"1":2,"2":2,"3":2,"4":2,"5":0,"6":2,"7":2,"8":2,"9":2,"10":2},"f":{"0":2,"1":2},"b":{"0":[2,0]}}
,"/Users/novak/Documents/ArmoniaSoft/Dev/crmapi/src/common/imageMime.ts": {"path":"/Users/novak/Documents/ArmoniaSoft/Dev/crmapi/src/common/imageMime.ts","statementMap":{"0":{"start":{"line":1,"column":17},"end":{"line":16,"column":2}},"1":{"start":{"line":19,"column":2},"end":{"line":23,"column":null}},"2":{"start":{"line":19,"column":15},"end":{"line":19,"column":16}},"3":{"start":{"line":20,"column":4},"end":{"line":22,"column":null}},"4":{"start":{"line":21,"column":6},"end":{"line":21,"column":77}},"5":{"start":{"line":18,"column":0},"end":{"line":18,"column":16}}},"fnMap":{"0":{"name":"detectMimeType","decl":{"start":{"line":18,"column":16},"end":{"line":18,"column":30}},"loc":{"start":{"line":18,"column":34},"end":{"line":24,"column":1}}}},"branchMap":{"0":{"loc":{"start":{"line":20,"column":4},"end":{"line":22,"column":null}},"type":"if","locations":[{"start":{"line":20,"column":4},"end":{"line":22,"column":null}},{"start":{"line":20,"column":4},"end":{"line":22,"column":null}}]}},"s":{"0":2,"1":0,"2":0,"3":0,"4":0,"5":2},"f":{"0":0},"b":{"0":[0,0]}}
}
