{"/Users/novak/Documents/ArmoniaSoft/Dev/am/src/api/customerHandlers/putCustomer.ts": {"path":"/Users/novak/Documents/ArmoniaSoft/Dev/am/src/api/customerHandlers/putCustomer.ts","statementMap":{"0":{"start":{"line":1,"column":0},"end":{"line":1,"column":50}},"1":{"start":{"line":3,"column":0},"end":{"line":3,"column":37}},"2":{"start":{"line":14,"column":30},"end":{"line":14,"column":35}},"3":{"start":{"line":15,"column":40},"end":{"line":18,"column":4}},"4":{"start":{"line":19,"column":2},"end":{"line":21,"column":null}},"5":{"start":{"line":20,"column":4},"end":{"line":20,"column":18}},"6":{"start":{"line":22,"column":2},"end":{"line":50,"column":null}},"7":{"start":{"line":23,"column":21},"end":{"line":23,"column":35}},"8":{"start":{"line":24,"column":4},"end":{"line":24,"column":51}},"9":{"start":{"line":25,"column":4},"end":{"line":40,"column":null}},"10":{"start":{"line":27,"column":6},"end":{"line":27,"column":53}},"11":{"start":{"line":28,"column":6},"end":{"line":28,"column":48}},"12":{"start":{"line":31,"column":23},"end":{"line":31,"column":56}},"13":{"start":{"line":32,"column":6},"end":{"line":39,"column":null}},"14":{"start":{"line":33,"column":39},"end":{"line":33,"column":70}},"15":{"start":{"line":34,"column":8},"end":{"line":34,"column":51}},"16":{"start":{"line":35,"column":8},"end":{"line":35,"column":32}},"17":{"start":{"line":36,"column":8},"end":{"line":36,"column":22}},"18":{"start":{"line":38,"column":8},"end":{"line":38,"column":44}},"19":{"start":{"line":41,"column":4},"end":{"line":41,"column":18}},"20":{"start":{"line":43,"column":4},"end":{"line":43,"column":28}},"21":{"start":{"line":44,"column":4},"end":{"line":44,"column":38}},"22":{"start":{"line":45,"column":4},"end":{"line":48,"column":7}},"23":{"start":{"line":49,"column":4},"end":{"line":49,"column":18}},"24":{"start":{"line":11,"column":0},"end":{"line":11,"column":7}}},"fnMap":{"0":{"name":"putCustomer","decl":{"start":{"line":11,"column":22},"end":{"line":11,"column":33}},"loc":{"start":{"line":12,"column":29},"end":{"line":51,"column":1}}}},"branchMap":{"0":{"loc":{"start":{"line":19,"column":2},"end":{"line":21,"column":null}},"type":"if","locations":[{"start":{"line":19,"column":2},"end":{"line":21,"column":null}},{"start":{"line":19,"column":2},"end":{"line":21,"column":null}}]},"1":{"loc":{"start":{"line":25,"column":4},"end":{"line":40,"column":null}},"type":"if","locations":[{"start":{"line":25,"column":4},"end":{"line":40,"column":null}},{"start":{"line":25,"column":4},"end":{"line":40,"column":null}}]},"2":{"loc":{"start":{"line":32,"column":6},"end":{"line":39,"column":null}},"type":"if","locations":[{"start":{"line":32,"column":6},"end":{"line":39,"column":null}},{"start":{"line":32,"column":6},"end":{"line":39,"column":null}}]}},"s":{"0":1,"1":1,"2":2,"3":2,"4":2,"5":0,"6":2,"7":2,"8":2,"9":2,"10":2,"11":2,"12":2,"13":2,"14":1,"15":1,"16":1,"17":1,"18":1,"19":1,"20":0,"21":0,"22":0,"23":0,"24":1},"f":{"0":2},"b":{"0":[0,2],"1":[2,0],"2":[1,1]}}
,"/Users/novak/Documents/ArmoniaSoft/Dev/am/src/classes/customer.ts": {"path":"/Users/novak/Documents/ArmoniaSoft/Dev/am/src/classes/customer.ts","statementMap":{"0":{"start":{"line":6,"column":0},"end":{"line":6,"column":null}},"1":{"start":{"line":18,"column":0},"end":{"line":18,"column":null}},"2":{"start":{"line":23,"column":0},"end":{"line":23,"column":65}},"3":{"start":{"line":24,"column":0},"end":{"line":24,"column":55}},"4":{"start":{"line":25,"column":0},"end":{"line":25,"column":54}},"5":{"start":{"line":29,"column":0},"end":{"line":118,"column":null}},"6":{"start":{"line":93,"column":4},"end":{"line":93,"column":66}},"7":{"start":{"line":94,"column":4},"end":{"line":94,"column":45}},"8":{"start":{"line":95,"column":29},"end":{"line":95,"column":43}},"9":{"start":{"line":96,"column":19},"end":{"line":96,"column":53}},"10":{"start":{"line":97,"column":19},"end":{"line":97,"column":61}},"11":{"start":{"line":98,"column":4},"end":{"line":98,"column":18}},"12":{"start":{"line":107,"column":4},"end":{"line":115,"column":null}},"13":{"start":{"line":108,"column":6},"end":{"line":108,"column":35}},"14":{"start":{"line":110,"column":6},"end":{"line":113,"column":8}},"15":{"start":{"line":114,"column":6},"end":{"line":114,"column":20}},"16":{"start":{"line":116,"column":4},"end":{"line":116,"column":16}},"17":{"start":{"line":31,"column":2},"end":{"line":31,"column":null}},"18":{"start":{"line":37,"column":2},"end":{"line":37,"column":null}},"19":{"start":{"line":43,"column":2},"end":{"line":43,"column":null}},"20":{"start":{"line":49,"column":2},"end":{"line":49,"column":null}},"21":{"start":{"line":57,"column":2},"end":{"line":57,"column":null}},"22":{"start":{"line":64,"column":2},"end":{"line":64,"column":null}},"23":{"start":{"line":70,"column":2},"end":{"line":70,"column":null}},"24":{"start":{"line":75,"column":2},"end":{"line":75,"column":null}},"25":{"start":{"line":81,"column":2},"end":{"line":81,"column":null}},"26":{"start":{"line":86,"column":2},"end":{"line":86,"column":null}},"27":{"start":{"line":29,"column":13},"end":{"line":118,"column":null}},"28":{"start":{"line":29,"column":13},"end":{"line":29,"column":21}}},"fnMap":{"0":{"name":"(anonymous_2)","decl":{"start":{"line":92,"column":2},"end":{"line":92,"column":7}},"loc":{"start":{"line":92,"column":22},"end":{"line":99,"column":3}}},"1":{"name":"(anonymous_3)","decl":{"start":{"line":106,"column":2},"end":{"line":106,"column":7}},"loc":{"start":{"line":106,"column":24},"end":{"line":117,"column":3}}}},"branchMap":{},"s":{"0":1,"1":1,"2":1,"3":1,"4":1,"5":1,"6":1,"7":1,"8":1,"9":1,"10":1,"11":1,"12":3,"13":3,"14":1,"15":1,"16":2,"17":1,"18":1,"19":1,"20":1,"21":1,"22":1,"23":1,"24":1,"25":1,"26":1,"27":1,"28":1},"f":{"0":1,"1":3},"b":{}}
,"/Users/novak/Documents/ArmoniaSoft/Dev/am/src/common/constants.ts": {"path":"/Users/novak/Documents/ArmoniaSoft/Dev/am/src/common/constants.ts","statementMap":{"0":{"start":{"line":1,"column":13},"end":{"line":1,"column":57}},"1":{"start":{"line":2,"column":13},"end":{"line":2,"column":54}},"2":{"start":{"line":3,"column":13},"end":{"line":3,"column":49}},"3":{"start":{"line":4,"column":13},"end":{"line":4,"column":63}}},"fnMap":{},"branchMap":{},"s":{"0":1,"1":1,"2":1,"3":1},"f":{},"b":{}}
,"/Users/novak/Documents/ArmoniaSoft/Dev/am/src/common/dbConnection.ts": {"path":"/Users/novak/Documents/ArmoniaSoft/Dev/am/src/common/dbConnection.ts","statementMap":{"0":{"start":{"line":1,"column":0},"end":{"line":1,"column":72}},"1":{"start":{"line":2,"column":0},"end":{"line":2,"column":34}},"2":{"start":{"line":6,"column":4},"end":{"line":13,"column":null}},"3":{"start":{"line":7,"column":8},"end":{"line":10,"column":11}},"4":{"start":{"line":12,"column":8},"end":{"line":12,"column":54}},"5":{"start":{"line":14,"column":6},"end":{"line":14,"column":22}},"6":{"start":{"line":4,"column":0},"end":{"line":4,"column":16}}},"fnMap":{"0":{"name":"getDynamoCli","decl":{"start":{"line":4,"column":16},"end":{"line":4,"column":28}},"loc":{"start":{"line":4,"column":28},"end":{"line":15,"column":1}}}},"branchMap":{"0":{"loc":{"start":{"line":6,"column":4},"end":{"line":13,"column":null}},"type":"if","locations":[{"start":{"line":6,"column":4},"end":{"line":13,"column":null}},{"start":{"line":6,"column":4},"end":{"line":13,"column":null}}]}},"s":{"0":1,"1":1,"2":1,"3":1,"4":0,"5":1,"6":1},"f":{"0":1},"b":{"0":[1,0]}}
}
