TN:
SF:src/api/customerHandlers/createCustomer.ts
FN:22,(anonymous_0)
FNF:1
FNH:1
FNDA:2,(anonymous_0)
DA:1,1
DA:7,1
DA:22,1
DA:25,2
DA:26,2
DA:30,2
DA:31,0
DA:33,2
DA:34,2
DA:35,2
DA:36,2
DA:37,2
DA:38,0
DA:39,0
DA:40,0
DA:43,2
DA:44,2
DA:45,1
DA:46,1
DA:47,1
DA:48,1
DA:50,1
DA:53,1
DA:55,0
DA:56,0
DA:57,0
DA:61,0
LF:27
LH:19
BRDA:30,0,0,0
BRDA:30,0,1,2
BRDA:36,1,0,2
BRDA:36,1,1,0
BRDA:37,2,0,0
BRDA:37,2,1,2
BRDA:37,3,0,2
BRDA:37,3,1,2
BRDA:44,4,0,1
BRDA:44,4,1,1
BRF:10
BRH:7
end_of_record
TN:
SF:src/classes/Customer.ts
FN:116,(anonymous_9)
FN:135,(anonymous_10)
FN:196,(anonymous_11)
FN:224,(anonymous_12)
FN:243,(anonymous_13)
FN:266,(anonymous_14)
FN:283,(anonymous_15)
FN:315,(anonymous_16)
FN:43,(anonymous_17)
FNF:9
FNH:2
FNDA:2,(anonymous_9)
FNDA:0,(anonymous_10)
FNDA:0,(anonymous_11)
FNDA:0,(anonymous_12)
FNDA:0,(anonymous_13)
FNDA:0,(anonymous_14)
FNDA:0,(anonymous_15)
FNDA:3,(anonymous_16)
FNDA:0,(anonymous_17)
DA:7,2
DA:19,2
DA:25,2
DA:30,2
DA:31,2
DA:33,2
DA:34,2
DA:37,2
DA:41,2
DA:43,0
DA:44,2
DA:50,2
DA:56,2
DA:64,2
DA:71,2
DA:77,2
DA:82,2
DA:88,2
DA:93,2
DA:99,2
DA:104,2
DA:109,2
DA:118,2
DA:119,1
DA:120,1
DA:121,1
DA:122,1
DA:124,2
DA:125,2
DA:126,2
DA:127,2
DA:128,2
DA:140,0
DA:141,0
DA:142,0
DA:146,0
DA:149,0
DA:150,0
DA:154,0
DA:156,0
DA:157,0
DA:161,0
DA:162,0
DA:163,0
DA:172,0
DA:177,0
DA:183,0
DA:184,0
DA:185,0
DA:186,0
DA:188,0
DA:189,0
DA:190,0
DA:197,0
DA:198,0
DA:199,0
DA:203,0
DA:206,0
DA:211,0
DA:216,0
DA:225,0
DA:226,0
DA:228,0
DA:229,0
DA:233,0
DA:234,0
DA:235,0
DA:244,0
DA:245,0
DA:249,0
DA:250,0
DA:251,0
DA:256,0
DA:257,0
DA:258,0
DA:267,0
DA:268,0
DA:270,0
DA:271,0
DA:276,0
DA:277,0
DA:278,0
DA:287,0
DA:294,0
DA:295,0
DA:296,0
DA:297,0
DA:298,0
DA:299,0
DA:301,0
DA:307,0
DA:316,3
DA:317,3
DA:319,1
DA:323,1
DA:325,2
LF:96
LH:36
BRDA:118,0,0,1
BRDA:118,0,1,1
BRDA:141,1,0,0
BRDA:141,1,1,0
BRDA:149,2,0,0
BRDA:149,2,1,0
BRDA:149,3,0,0
BRDA:149,3,1,0
BRDA:156,4,0,0
BRDA:156,4,1,0
BRDA:172,5,0,0
BRDA:172,5,1,0
BRDA:173,6,0,0
BRDA:173,6,1,0
BRDA:173,6,2,0
BRDA:198,7,0,0
BRDA:198,7,1,0
BRDA:206,8,0,0
BRDA:206,8,1,0
BRDA:207,9,0,0
BRDA:207,9,1,0
BRDA:207,9,2,0
BRDA:225,10,0,0
BRDA:225,10,1,0
BRDA:244,11,0,0
BRDA:244,11,1,0
BRDA:250,12,0,0
BRDA:250,12,1,0
BRDA:267,13,0,0
BRDA:267,13,1,0
BRDA:285,14,0,0
BRDA:290,15,0,0
BRDA:290,15,1,0
BRDA:302,16,0,0
BRDA:302,16,1,0
BRDA:302,17,0,0
BRDA:302,17,1,0
BRF:37
BRH:2
end_of_record
TN:
SF:src/common/constants.ts
FNF:0
FNH:0
DA:1,2
DA:2,2
DA:3,2
DA:4,2
DA:5,2
DA:6,2
DA:7,2
DA:8,2
DA:9,2
DA:10,2
DA:11,2
LF:11
LH:11
BRF:0
BRH:0
end_of_record
TN:
SF:src/common/dbConnection.ts
FN:5,getDynamoCli
FN:17,getDataMapper
FNF:2
FNH:2
FNDA:2,getDynamoCli
FNDA:2,getDataMapper
DA:1,2
DA:2,2
DA:3,2
DA:5,2
DA:7,2
DA:8,2
DA:13,0
DA:15,2
DA:17,2
DA:18,2
DA:19,2
LF:11
LH:10
BRDA:7,0,0,2
BRDA:7,0,1,0
BRF:2
BRH:1
end_of_record
TN:
SF:src/common/imageMime.ts
FN:18,detectMimeType
FNF:1
FNH:0
FNDA:0,detectMimeType
DA:1,2
DA:18,2
DA:19,0
DA:20,0
DA:21,0
LF:5
LH:2
BRDA:20,0,0,0
BRDA:20,0,1,0
BRF:2
BRH:0
end_of_record
