TN:
SF:src/api/customerHandlers/putCustomer.ts
FN:22,(anonymous_0)
FNF:1
FNH:1
FNDA:3,(anonymous_0)
DA:1,1
DA:7,1
DA:22,1
DA:25,3
DA:26,3
DA:30,3
DA:31,0
DA:33,3
DA:34,3
DA:35,3
DA:36,3
DA:37,3
DA:38,3
DA:39,3
DA:40,3
DA:43,0
DA:44,0
DA:45,0
DA:46,0
DA:47,0
DA:48,0
DA:50,0
DA:53,0
DA:55,0
DA:56,0
DA:57,0
DA:61,0
LF:27
LH:14
BRDA:30,0,0,0
BRDA:30,0,1,3
BRDA:36,1,0,3
BRDA:36,1,1,0
BRDA:37,2,0,3
BRDA:37,2,1,0
BRDA:37,3,0,3
BRDA:37,3,1,0
BRDA:44,4,0,0
BRDA:44,4,1,0
BRF:10
BRH:4
end_of_record
TN:
SF:src/classes/Customer.ts
FN:111,(anonymous_9)
FN:135,(anonymous_10)
FN:189,(anonymous_11)
FN:217,(anonymous_12)
FN:241,(anonymous_13)
FN:280,(anonymous_14)
FN:44,(anonymous_15)
FNF:7
FNH:1
FNDA:1,(anonymous_9)
FNDA:0,(anonymous_10)
FNDA:0,(anonymous_11)
FNDA:0,(anonymous_12)
FNDA:0,(anonymous_13)
FNDA:0,(anonymous_14)
FNDA:0,(anonymous_15)
DA:7,2
DA:19,2
DA:25,2
DA:31,2
DA:32,2
DA:34,2
DA:35,2
DA:38,2
DA:42,2
DA:44,0
DA:45,2
DA:51,2
DA:57,2
DA:65,2
DA:72,2
DA:78,2
DA:83,2
DA:89,2
DA:94,2
DA:100,2
DA:105,2
DA:112,1
DA:119,1
DA:120,0
DA:121,0
DA:123,1
DA:124,1
DA:125,1
DA:126,1
DA:127,1
DA:128,1
DA:140,0
DA:141,0
DA:142,0
DA:146,0
DA:149,0
DA:150,0
DA:154,0
DA:155,0
DA:156,0
DA:157,0
DA:166,0
DA:171,0
DA:177,0
DA:178,0
DA:179,0
DA:181,0
DA:182,0
DA:183,0
DA:190,0
DA:191,0
DA:192,0
DA:196,0
DA:199,0
DA:204,0
DA:209,0
DA:218,0
DA:225,0
DA:226,0
DA:228,0
DA:229,0
DA:233,0
DA:234,0
DA:235,0
DA:245,0
DA:252,0
DA:259,0
DA:260,0
DA:261,0
DA:262,0
DA:263,0
DA:264,0
DA:266,0
DA:272,0
DA:281,0
DA:282,0
DA:284,0
DA:288,0
DA:290,0
LF:79
LH:28
BRDA:119,0,0,0
BRDA:119,0,1,1
BRDA:141,1,0,0
BRDA:141,1,1,0
BRDA:149,2,0,0
BRDA:149,2,1,0
BRDA:149,3,0,0
BRDA:149,3,1,0
BRDA:166,4,0,0
BRDA:166,4,1,0
BRDA:167,5,0,0
BRDA:167,5,1,0
BRDA:167,5,2,0
BRDA:199,6,0,0
BRDA:199,6,1,0
BRDA:200,7,0,0
BRDA:200,7,1,0
BRDA:200,7,2,0
BRDA:225,8,0,0
BRDA:225,8,1,0
BRDA:243,9,0,0
BRDA:255,10,0,0
BRDA:255,10,1,0
BRDA:267,11,0,0
BRDA:267,11,1,0
BRDA:267,12,0,0
BRDA:267,12,1,0
BRF:27
BRH:1
end_of_record
TN:
SF:src/common/constants.ts
FNF:0
FNH:0
DA:1,2
DA:2,2
DA:3,2
DA:4,2
DA:5,2
DA:6,2
DA:7,2
DA:8,2
DA:9,2
DA:10,2
DA:11,2
LF:11
LH:11
BRF:0
BRH:0
end_of_record
TN:
SF:src/common/dbConnection.ts
FN:5,getDynamoCli
FN:17,getDataMapper
FNF:2
FNH:2
FNDA:1,getDynamoCli
FNDA:1,getDataMapper
DA:1,2
DA:2,2
DA:3,2
DA:5,2
DA:7,1
DA:8,1
DA:13,0
DA:15,1
DA:17,2
DA:18,1
DA:19,1
LF:11
LH:10
BRDA:7,0,0,1
BRDA:7,0,1,0
BRF:2
BRH:1
end_of_record
TN:
SF:src/common/imageMime.ts
FN:18,detectMimeType
FNF:1
FNH:0
FNDA:0,detectMimeType
DA:1,2
DA:18,2
DA:19,0
DA:20,0
DA:21,0
LF:5
LH:2
BRDA:20,0,0,0
BRDA:20,0,1,0
BRF:2
BRH:0
end_of_record
